[    22.465] (--) Log file renamed from "/home/chaymae/.local/share/xorg/Xorg.pid-1935.log" to "/home/chaymae/.local/share/xorg/Xorg.0.log"
[    22.469] 
X.Org X Server 1.20.8
X Protocol Version 11, Revision 0
[    22.469] Build Operating System: Linux 4.15.0-124-generic x86_64 Ubuntu
[    22.469] Current Operating System: Linux ubuntu 5.4.0-70-generic #78~18.04.1-Ubuntu SMP Sat Mar 20 14:10:07 UTC 2021 x86_64
[    22.469] Kernel command line: BOOT_IMAGE=/boot/vmlinuz-5.4.0-70-generic root=UUID=f34f0f21-5849-478a-a338-4f508b860750 ro find_preseed=/preseed.cfg auto noprompt priority=critical locale=en_US quiet
[    22.469] Build Date: 30 November 2020  05:59:23PM
[    22.469] xorg-server-hwe-18.04 2:1.20.8-2ubuntu2.2~18.04.4 (For technical support please see http://www.ubuntu.com/support) 
[    22.469] Current version of pixman: 0.34.0
[    22.469] 	Before reporting problems, check http://wiki.x.org
	to make sure that you have the latest version.
[    22.469] Markers: (--) probed, (**) from config file, (==) default setting,
	(++) from command line, (!!) notice, (II) informational,
	(WW) warning, (EE) error, (NI) not implemented, (??) unknown.
[    22.469] (==) Log file: "/home/chaymae/.local/share/xorg/Xorg.0.log", Time: Sat Apr 10 03:23:47 2021
[    22.471] (==) Using system config directory "/usr/share/X11/xorg.conf.d"
[    22.474] (==) No Layout section.  Using the first Screen section.
[    22.474] (==) No screen section available. Using defaults.
[    22.474] (**) |-->Screen "Default Screen Section" (0)
[    22.474] (**) |   |-->Monitor "<default monitor>"
[    22.475] (==) No monitor specified for screen "Default Screen Section".
	Using a default monitor configuration.
[    22.475] (==) Automatically adding devices
[    22.475] (==) Automatically enabling devices
[    22.475] (==) Automatically adding GPU devices
[    22.475] (==) Automatically binding GPU devices
[    22.475] (==) Max clients allowed: 256, resource mask: 0x1fffff
[    22.475] (WW) The directory "/usr/share/fonts/X11/cyrillic" does not exist.
[    22.475] 	Entry deleted from font path.
[    22.475] (WW) The directory "/usr/share/fonts/X11/100dpi/" does not exist.
[    22.475] 	Entry deleted from font path.
[    22.475] (WW) The directory "/usr/share/fonts/X11/75dpi/" does not exist.
[    22.475] 	Entry deleted from font path.
[    22.475] (WW) The directory "/usr/share/fonts/X11/100dpi" does not exist.
[    22.475] 	Entry deleted from font path.
[    22.475] (WW) The directory "/usr/share/fonts/X11/75dpi" does not exist.
[    22.475] 	Entry deleted from font path.
[    22.475] (==) FontPath set to:
	/usr/share/fonts/X11/misc,
	/usr/share/fonts/X11/Type1,
	built-ins
[    22.475] (==) ModulePath set to "/usr/lib/xorg/modules"
[    22.475] (II) The server relies on udev to provide the list of input devices.
	If no devices become available, reconfigure udev or disable AutoAddDevices.
[    22.475] (II) Loader magic: 0x55d4065f6020
[    22.475] (II) Module ABI versions:
[    22.475] 	X.Org ANSI C Emulation: 0.4
[    22.475] 	X.Org Video Driver: 24.1
[    22.475] 	X.Org XInput driver : 24.1
[    22.475] 	X.Org Server Extension : 10.0
[    22.476] (++) using VT number 2

[    22.479] (II) systemd-logind: took control of session /org/freedesktop/login1/session/_33
[    22.480] (II) xfree86: Adding drm device (/dev/dri/card0)
[    22.481] (II) systemd-logind: got fd for /dev/dri/card0 226:0 fd 12 paused 0
[    22.486] (--) PCI:*(0@0:15:0) 15ad:0405:15ad:0405 rev 0, Mem @ 0xe8000000/134217728, 0xfe000000/8388608, I/O @ 0x00001070/16, BIOS @ 0x????????/131072
[    22.486] (II) LoadModule: "glx"
[    22.491] (II) Loading /usr/lib/xorg/modules/extensions/libglx.so
[    22.503] (II) Module glx: vendor="X.Org Foundation"
[    22.503] 	compiled for 1.20.8, module version = 1.0.0
[    22.503] 	ABI class: X.Org Server Extension, version 10.0
[    22.503] (==) Matched vmware as autoconfigured driver 0
[    22.503] (==) Matched modesetting as autoconfigured driver 1
[    22.503] (==) Matched fbdev as autoconfigured driver 2
[    22.503] (==) Matched vesa as autoconfigured driver 3
[    22.503] (==) Assigned the driver to the xf86ConfigLayout
[    22.503] (II) LoadModule: "vmware"
[    22.503] (II) Loading /usr/lib/xorg/modules/drivers/vmware_drv.so
[    22.594] (II) Module vmware: vendor="X.Org Foundation"
[    22.594] 	compiled for 1.20.1, module version = 13.3.0
[    22.594] 	Module class: X.Org Video Driver
[    22.594] 	ABI class: X.Org Video Driver, version 24.0
[    22.594] (II) LoadModule: "modesetting"
[    22.594] (II) Loading /usr/lib/xorg/modules/drivers/modesetting_drv.so
[    22.596] (II) Module modesetting: vendor="X.Org Foundation"
[    22.596] 	compiled for 1.20.8, module version = 1.20.8
[    22.596] 	Module class: X.Org Video Driver
[    22.596] 	ABI class: X.Org Video Driver, version 24.1
[    22.596] (II) LoadModule: "fbdev"
[    22.596] (II) Loading /usr/lib/xorg/modules/drivers/fbdev_drv.so
[    22.597] (II) Module fbdev: vendor="X.Org Foundation"
[    22.597] 	compiled for 1.20.1, module version = 0.5.0
[    22.597] 	Module class: X.Org Video Driver
[    22.597] 	ABI class: X.Org Video Driver, version 24.0
[    22.597] (II) LoadModule: "vesa"
[    22.597] (II) Loading /usr/lib/xorg/modules/drivers/vesa_drv.so
[    22.598] (II) Module vesa: vendor="X.Org Foundation"
[    22.598] 	compiled for 1.20.1, module version = 2.4.0
[    22.598] 	Module class: X.Org Video Driver
[    22.598] 	ABI class: X.Org Video Driver, version 24.0
[    22.598] (II) vmware: driver for VMware SVGA: vmware0405, vmware0710
[    22.598] (II) modesetting: Driver for Modesetting Kernel Drivers: kms
[    22.598] (II) FBDEV: driver for framebuffer: fbdev
[    22.598] (II) VESA: driver for VESA chipsets: vesa
[    22.598] xf86EnableIOPorts: failed to set IOPL for I/O (Operation not permitted)
[    22.598] (WW) Falling back to old probe method for modesetting
[    22.599] (WW) Falling back to old probe method for fbdev
[    22.599] (II) Loading sub module "fbdevhw"
[    22.599] (II) LoadModule: "fbdevhw"
[    22.599] (II) Loading /usr/lib/xorg/modules/libfbdevhw.so
[    22.600] (II) Module fbdevhw: vendor="X.Org Foundation"
[    22.600] 	compiled for 1.20.8, module version = 0.0.2
[    22.600] 	ABI class: X.Org Video Driver, version 24.1
[    22.600] (EE) open /dev/fb0: Permission denied
[    22.600] (WW) VGA arbiter: cannot open kernel arbiter, no multi-card support
[    22.600] (II) vmware(0): Creating default Display subsection in Screen section
	"Default Screen Section" for depth/fbbpp 24/32
[    22.600] (--) vmware(0): DRM driver version is 2.15.0
[    22.600] (==) vmware(0): Depth 24, (--) framebuffer bpp 32
[    22.600] (==) vmware(0): RGB weight 888
[    22.600] (==) vmware(0): Default visual is TrueColor
[    22.600] (--) vmware(0): Min width 1, Max Width 16384.
[    22.600] (--) vmware(0): Min height 1, Max Height 16384.
[    22.600] (II) vmware(0): Output Virtual1 has no monitor section
[    22.600] (II) vmware(0): Output Virtual2 has no monitor section
[    22.601] (II) vmware(0): Output Virtual3 has no monitor section
[    22.601] (II) vmware(0): Output Virtual4 has no monitor section
[    22.601] (II) vmware(0): Output Virtual5 has no monitor section
[    22.601] (II) vmware(0): Output Virtual6 has no monitor section
[    22.601] (II) vmware(0): Output Virtual7 has no monitor section
[    22.601] (II) vmware(0): Output Virtual8 has no monitor section
[    22.601] (II) vmware(0): Printing probed modes for output Virtual1
[    22.601] (II) vmware(0): Modeline "800x600"x60.0   42.75  800 850 900 950  600 650 700 750 -hsync +vsync (45.0 kHz eP)
[    22.601] (II) vmware(0): Modeline "2560x1600"x60.0  348.50  2560 2752 3032 3504  1600 1603 1609 1658 -hsync +vsync (99.5 kHz e)
[    22.601] (II) vmware(0): Modeline "1920x1440"x60.0  234.00  1920 2048 2256 2600  1440 1441 1444 1500 -hsync +vsync (90.0 kHz e)
[    22.601] (II) vmware(0): Modeline "1856x1392"x60.0  218.25  1856 1952 2176 2528  1392 1393 1396 1439 -hsync +vsync (86.3 kHz e)
[    22.601] (II) vmware(0): Modeline "1792x1344"x60.0  204.75  1792 1920 2120 2448  1344 1345 1348 1394 -hsync +vsync (83.6 kHz e)
[    22.601] (II) vmware(0): Modeline "1920x1200"x59.9  193.25  1920 2056 2256 2592  1200 1203 1209 1245 -hsync +vsync (74.6 kHz e)
[    22.601] (II) vmware(0): Modeline "1600x1200"x60.0  162.00  1600 1664 1856 2160  1200 1201 1204 1250 +hsync +vsync (75.0 kHz e)
[    22.601] (II) vmware(0): Modeline "1680x1050"x60.0  146.25  1680 1784 1960 2240  1050 1053 1059 1089 -hsync +vsync (65.3 kHz e)
[    22.601] (II) vmware(0): Modeline "1400x1050"x60.0  121.75  1400 1488 1632 1864  1050 1053 1057 1089 -hsync +vsync (65.3 kHz e)
[    22.601] (II) vmware(0): Modeline "1280x1024"x60.0  108.00  1280 1328 1440 1688  1024 1025 1028 1066 +hsync +vsync (64.0 kHz e)
[    22.601] (II) vmware(0): Modeline "1440x900"x59.9  106.50  1440 1520 1672 1904  900 903 909 934 -hsync +vsync (55.9 kHz e)
[    22.601] (II) vmware(0): Modeline "1280x960"x60.0  108.00  1280 1376 1488 1800  960 961 964 1000 +hsync +vsync (60.0 kHz e)
[    22.601] (II) vmware(0): Modeline "1360x768"x60.0   85.50  1360 1424 1536 1792  768 771 777 795 +hsync +vsync (47.7 kHz e)
[    22.601] (II) vmware(0): Modeline "1280x800"x59.8   83.50  1280 1352 1480 1680  800 803 809 831 +hsync -vsync (49.7 kHz e)
[    22.601] (II) vmware(0): Modeline "1152x864"x75.0  108.00  1152 1216 1344 1600  864 865 868 900 +hsync +vsync (67.5 kHz e)
[    22.601] (II) vmware(0): Modeline "1280x768"x59.9   79.50  1280 1344 1472 1664  768 771 778 798 -hsync +vsync (47.8 kHz e)
[    22.601] (II) vmware(0): Modeline "1024x768"x60.0   65.00  1024 1048 1184 1344  768 771 777 806 -hsync -vsync (48.4 kHz e)
[    22.601] (II) vmware(0): Modeline "800x600"x60.3   40.00  800 840 968 1056  600 601 605 628 +hsync +vsync (37.9 kHz e)
[    22.601] (II) vmware(0): Modeline "640x480"x59.9   25.18  640 656 752 800  480 489 492 525 -hsync -vsync (31.5 kHz e)
[    22.601] (II) vmware(0): EDID for output Virtual2
[    22.601] (II) vmware(0): EDID for output Virtual3
[    22.601] (II) vmware(0): EDID for output Virtual4
[    22.601] (II) vmware(0): EDID for output Virtual5
[    22.601] (II) vmware(0): EDID for output Virtual6
[    22.601] (II) vmware(0): EDID for output Virtual7
[    22.601] (II) vmware(0): EDID for output Virtual8
[    22.601] (II) vmware(0): Output Virtual1 connected
[    22.601] (II) vmware(0): Output Virtual2 disconnected
[    22.601] (II) vmware(0): Output Virtual3 disconnected
[    22.601] (II) vmware(0): Output Virtual4 disconnected
[    22.601] (II) vmware(0): Output Virtual5 disconnected
[    22.601] (II) vmware(0): Output Virtual6 disconnected
[    22.601] (II) vmware(0): Output Virtual7 disconnected
[    22.601] (II) vmware(0): Output Virtual8 disconnected
[    22.601] (II) vmware(0): Using exact sizes for initial modes
[    22.601] (II) vmware(0): Output Virtual1 using initial mode 800x600 +0+0
[    22.601] (==) vmware(0): DPI set to (96, 96)
[    22.601] (==) vmware(0): Using gamma correction (1.0, 1.0, 1.0)
[    22.601] (II) Loading sub module "fb"
[    22.601] (II) LoadModule: "fb"
[    22.601] (II) Loading /usr/lib/xorg/modules/libfb.so
[    22.603] (II) Module fb: vendor="X.Org Foundation"
[    22.603] 	compiled for 1.20.8, module version = 1.0.0
[    22.603] 	ABI class: X.Org ANSI C Emulation, version 0.4
[    22.603] (II) Loading sub module "dri2"
[    22.603] (II) LoadModule: "dri2"
[    22.603] (II) Module "dri2" already built-in
[    22.603] (II) Loading sub module "dri3"
[    22.603] (II) LoadModule: "dri3"
[    22.603] (II) Module "dri3" already built-in
[    22.603] (II) UnloadModule: "modesetting"
[    22.603] (II) Unloading modesetting
[    22.603] (II) UnloadModule: "fbdev"
[    22.603] (II) Unloading fbdev
[    22.603] (II) UnloadSubModule: "fbdevhw"
[    22.603] (II) Unloading fbdevhw
[    22.603] (II) UnloadModule: "vesa"
[    22.603] (II) Unloading vesa
[    22.605] (II) vmware(0): Initialized VMWARE_CTRL extension version 0.2
[    22.636] (II) vmware(0): Gallium3D XA version: 2.5.0.
[    22.636] (II) vmware(0): Path of drm device is "/dev/dri/card0".
[    22.636] (II) vmware(0): [DRI2] Setup complete
[    22.637] (II) vmware(0): [DRI2]   DRI driver: vmwgfx
[    22.926] (--) vmware(0): Render acceleration is enabled.
[    22.926] (==) vmware(0): Rendercheck mode is disabled.
[    22.926] (--) vmware(0): Direct rendering (DRI2 3D) is enabled.
[    22.926] (--) vmware(0): Direct rendering (DRI3 3D) is enabled.
[    22.926] (==) vmware(0): Direct presents are disabled.
[    22.926] (==) vmware(0): Hardware only presents are automatic per scanout.
[    22.926] (==) vmware(0): Backing store enabled
[    22.926] (==) vmware(0): Silken mouse enabled
[    22.928] (==) vmware(0): DPMS enabled
[    22.928] (II) Initializing extension Generic Event Extension
[    22.928] (II) Initializing extension SHAPE
[    22.929] (II) Initializing extension MIT-SHM
[    22.929] (II) Initializing extension XInputExtension
[    22.930] (II) Initializing extension XTEST
[    22.931] (II) Initializing extension BIG-REQUESTS
[    22.931] (II) Initializing extension SYNC
[    22.931] (II) Initializing extension XKEYBOARD
[    22.932] (II) Initializing extension XC-MISC
[    22.932] (II) Initializing extension SECURITY
[    22.932] (II) Initializing extension XFIXES
[    22.932] (II) Initializing extension RENDER
[    22.932] (II) Initializing extension RANDR
[    22.933] (II) Initializing extension COMPOSITE
[    22.933] (II) Initializing extension DAMAGE
[    22.933] (II) Initializing extension MIT-SCREEN-SAVER
[    22.933] (II) Initializing extension DOUBLE-BUFFER
[    22.934] (II) Initializing extension RECORD
[    22.934] (II) Initializing extension DPMS
[    22.934] (II) Initializing extension Present
[    22.934] (II) Initializing extension DRI3
[    22.934] (II) Initializing extension X-Resource
[    22.934] (II) Initializing extension XVideo
[    22.935] (II) Initializing extension XVideo-MotionCompensation
[    22.935] (II) Initializing extension SELinux
[    22.935] (II) SELinux: Disabled on system
[    22.935] (II) Initializing extension GLX
[    22.952] (II) AIGLX: Loaded and initialized vmwgfx
[    22.952] (II) GLX: Initialized DRI2 GL provider for screen 0
[    22.952] (II) Initializing extension XFree86-VidModeExtension
[    22.952] (II) Initializing extension XFree86-DGA
[    22.952] (II) Initializing extension XFree86-DRI
[    22.952] (II) Initializing extension DRI2
[    22.966] (II) vmware(0): Setting screen physical size to 211 x 158
[    23.009] (II) config/udev: Adding input device Power Button (/dev/input/event0)
[    23.009] (**) Power Button: Applying InputClass "libinput keyboard catchall"
[    23.009] (II) LoadModule: "libinput"
[    23.009] (II) Loading /usr/lib/xorg/modules/input/libinput_drv.so
[    23.012] (II) Module libinput: vendor="X.Org Foundation"
[    23.012] 	compiled for 1.20.1, module version = 0.28.1
[    23.013] 	Module class: X.Org XInput Driver
[    23.013] 	ABI class: X.Org XInput driver, version 24.1
[    23.013] (II) Using input driver 'libinput' for 'Power Button'
[    23.015] (II) systemd-logind: got fd for /dev/input/event0 13:64 fd 24 paused 0
[    23.015] (**) Power Button: always reports core events
[    23.015] (**) Option "Device" "/dev/input/event0"
[    23.015] (**) Option "_source" "server/udev"
[    23.016] (II) event0  - Power Button: is tagged by udev as: Keyboard
[    23.016] (II) event0  - Power Button: device is a keyboard
[    23.016] (II) event0  - Power Button: device removed
[    23.016] (**) Option "config_info" "udev:/sys/devices/LNXSYSTM:00/LNXPWRBN:00/input/input0/event0"
[    23.016] (II) XINPUT: Adding extended input device "Power Button" (type: KEYBOARD, id 6)
[    23.016] (**) Option "xkb_model" "SKIP"
[    23.016] (**) Option "xkb_layout" "us"
[    23.066] (II) event0  - Power Button: is tagged by udev as: Keyboard
[    23.067] (II) event0  - Power Button: device is a keyboard
[    23.068] (II) config/udev: Adding input device VMware VMware Virtual USB Mouse (/dev/input/event4)
[    23.068] (**) VMware VMware Virtual USB Mouse: Applying InputClass "libinput pointer catchall"
[    23.068] (II) Using input driver 'libinput' for 'VMware VMware Virtual USB Mouse'
[    23.129] (II) systemd-logind: got fd for /dev/input/event4 13:68 fd 27 paused 0
[    23.129] (**) VMware VMware Virtual USB Mouse: always reports core events
[    23.129] (**) Option "Device" "/dev/input/event4"
[    23.129] (**) Option "_source" "server/udev"
[    23.130] (II) event4  - VMware VMware Virtual USB Mouse: is tagged by udev as: Mouse
[    23.130] (II) event4  - VMware VMware Virtual USB Mouse: device is a pointer
[    23.130] (II) event4  - VMware VMware Virtual USB Mouse: device removed
[    23.130] (**) Option "config_info" "udev:/sys/devices/pci0000:00/0000:00:11.0/0000:02:00.0/usb2/2-1/2-1:1.0/0003:0E0F:0003.0001/input/input5/event4"
[    23.130] (II) XINPUT: Adding extended input device "VMware VMware Virtual USB Mouse" (type: MOUSE, id 7)
[    23.130] (**) Option "AccelerationScheme" "none"
[    23.130] (**) VMware VMware Virtual USB Mouse: (accel) selected scheme none/0
[    23.130] (**) VMware VMware Virtual USB Mouse: (accel) acceleration factor: 2.000
[    23.130] (**) VMware VMware Virtual USB Mouse: (accel) acceleration threshold: 4
[    23.131] (II) event4  - VMware VMware Virtual USB Mouse: is tagged by udev as: Mouse
[    23.131] (II) event4  - VMware VMware Virtual USB Mouse: device is a pointer
[    23.131] (II) config/udev: Adding input device VMware VMware Virtual USB Mouse (/dev/input/mouse2)
[    23.131] (II) No input driver specified, ignoring this device.
[    23.131] (II) This device may have been added with another device file.
[    23.131] (II) config/udev: Adding input device AT Translated Set 2 keyboard (/dev/input/event1)
[    23.131] (**) AT Translated Set 2 keyboard: Applying InputClass "libinput keyboard catchall"
[    23.131] (II) Using input driver 'libinput' for 'AT Translated Set 2 keyboard'
[    23.133] (II) systemd-logind: got fd for /dev/input/event1 13:65 fd 28 paused 0
[    23.133] (**) AT Translated Set 2 keyboard: always reports core events
[    23.133] (**) Option "Device" "/dev/input/event1"
[    23.133] (**) Option "_source" "server/udev"
[    23.133] (II) event1  - AT Translated Set 2 keyboard: is tagged by udev as: Keyboard
[    23.133] (II) event1  - AT Translated Set 2 keyboard: device is a keyboard
[    23.133] (II) event1  - AT Translated Set 2 keyboard: device removed
[    23.133] (**) Option "config_info" "udev:/sys/devices/platform/i8042/serio0/input/input1/event1"
[    23.134] (II) XINPUT: Adding extended input device "AT Translated Set 2 keyboard" (type: KEYBOARD, id 8)
[    23.134] (**) Option "xkb_model" "SKIP"
[    23.134] (**) Option "xkb_layout" "us"
[    23.134] (II) event1  - AT Translated Set 2 keyboard: is tagged by udev as: Keyboard
[    23.134] (II) event1  - AT Translated Set 2 keyboard: device is a keyboard
[    23.135] (II) config/udev: Adding input device VirtualPS/2 VMware VMMouse (/dev/input/event3)
[    23.135] (**) VirtualPS/2 VMware VMMouse: Applying InputClass "libinput pointer catchall"
[    23.135] (II) Using input driver 'libinput' for 'VirtualPS/2 VMware VMMouse'
[    23.138] (II) systemd-logind: got fd for /dev/input/event3 13:67 fd 29 paused 0
[    23.139] (**) VirtualPS/2 VMware VMMouse: always reports core events
[    23.139] (**) Option "Device" "/dev/input/event3"
[    23.139] (**) Option "_source" "server/udev"
[    23.139] (II) event3  - VirtualPS/2 VMware VMMouse: is tagged by udev as: Mouse
[    23.139] (II) event3  - VirtualPS/2 VMware VMMouse: device is a pointer
[    23.139] (II) event3  - VirtualPS/2 VMware VMMouse: device removed
[    23.139] (**) Option "config_info" "udev:/sys/devices/platform/i8042/serio1/input/input3/event3"
[    23.139] (II) XINPUT: Adding extended input device "VirtualPS/2 VMware VMMouse" (type: MOUSE, id 9)
[    23.139] (**) Option "AccelerationScheme" "none"
[    23.140] (**) VirtualPS/2 VMware VMMouse: (accel) selected scheme none/0
[    23.140] (**) VirtualPS/2 VMware VMMouse: (accel) acceleration factor: 2.000
[    23.140] (**) VirtualPS/2 VMware VMMouse: (accel) acceleration threshold: 4
[    23.141] (II) event3  - VirtualPS/2 VMware VMMouse: is tagged by udev as: Mouse
[    23.141] (II) event3  - VirtualPS/2 VMware VMMouse: device is a pointer
[    23.141] (II) config/udev: Adding input device VirtualPS/2 VMware VMMouse (/dev/input/mouse1)
[    23.141] (II) No input driver specified, ignoring this device.
[    23.141] (II) This device may have been added with another device file.
[    23.141] (II) config/udev: Adding input device VirtualPS/2 VMware VMMouse (/dev/input/event2)
[    23.141] (**) VirtualPS/2 VMware VMMouse: Applying InputClass "libinput pointer catchall"
[    23.141] (II) Using input driver 'libinput' for 'VirtualPS/2 VMware VMMouse'
[    23.142] (II) systemd-logind: got fd for /dev/input/event2 13:66 fd 30 paused 0
[    23.142] (**) VirtualPS/2 VMware VMMouse: always reports core events
[    23.142] (**) Option "Device" "/dev/input/event2"
[    23.142] (**) Option "_source" "server/udev"
[    23.143] (II) event2  - VirtualPS/2 VMware VMMouse: is tagged by udev as: Mouse
[    23.143] (II) event2  - VirtualPS/2 VMware VMMouse: device is a pointer
[    23.143] (II) event2  - VirtualPS/2 VMware VMMouse: device removed
[    23.143] (**) Option "config_info" "udev:/sys/devices/platform/i8042/serio1/input/input4/event2"
[    23.143] (II) XINPUT: Adding extended input device "VirtualPS/2 VMware VMMouse" (type: MOUSE, id 10)
[    23.143] (**) Option "AccelerationScheme" "none"
[    23.143] (**) VirtualPS/2 VMware VMMouse: (accel) selected scheme none/0
[    23.143] (**) VirtualPS/2 VMware VMMouse: (accel) acceleration factor: 2.000
[    23.143] (**) VirtualPS/2 VMware VMMouse: (accel) acceleration threshold: 4
[    23.143] (II) event2  - VirtualPS/2 VMware VMMouse: is tagged by udev as: Mouse
[    23.143] (II) event2  - VirtualPS/2 VMware VMMouse: device is a pointer
[    23.143] (II) config/udev: Adding input device VirtualPS/2 VMware VMMouse (/dev/input/mouse0)
[    23.143] (II) No input driver specified, ignoring this device.
[    23.143] (II) This device may have been added with another device file.
[   645.929] (!!) vmware(0): New layout.
[   645.929] (!!) vmware(0): 0: 0 0 800 599
[   645.929] (!!) vmware(0): 
[   645.967] (!!) vmware(0): New layout.
[   645.968] (!!) vmware(0): 0: 0 0 821 599
[   645.968] (!!) vmware(0): 
[ 29789.962] (!!) vmware(0): New layout.
[ 29789.971] (!!) vmware(0): 0: 0 0 1920 957
[ 29789.971] (!!) vmware(0): 
